\BOOKMARK [1][-]{section.1}{\376\377\133\236\232\214\230\230\166\356}{}% 1
\BOOKMARK [1][-]{section.2}{\376\377\151\202\211\201\213\276\213\241}{}% 2
\BOOKMARK [2][-]{subsection.2.1}{\376\377\227\000\154\102\122\006\147\220}{section.2}% 3
\BOOKMARK [3][-]{subsubsection.2.1.1}{\376\377\122\237\200\375\227\000\154\102}{subsection.2.1}% 4
\BOOKMARK [3][-]{subsubsection.2.1.2}{\376\377\227\136\122\237\200\375\227\000\154\102}{subsection.2.1}% 5
\BOOKMARK [2][-]{subsection.2.2}{\376\377\174\373\176\337\176\323\147\204}{section.2}% 6
\BOOKMARK [2][-]{subsection.2.3}{\376\377\174\373\176\337\122\237\200\375\152\041\127\127}{section.2}% 7
\BOOKMARK [1][-]{section.3}{\376\377\213\346\176\306\213\276\213\241}{}% 8
\BOOKMARK [2][-]{subsection.3.1}{\376\377\000E\000-\000R\126\376}{section.3}% 9
\BOOKMARK [3][-]{subsubsection.3.1.1}{\376\377\133\236\117\123\123\312\134\136\140\047}{subsection.3.1}% 10
\BOOKMARK [3][-]{subsubsection.3.1.2}{\376\377\133\236\117\123\116\113\225\364\166\204\121\163\174\373}{subsection.3.1}% 11
\BOOKMARK [2][-]{subsection.3.2}{\376\377\145\160\143\156\136\223\152\041\137\017}{section.3}% 12
\BOOKMARK [3][-]{subsubsection.3.2.1}{\376\377\210\150\213\276\213\241}{subsection.3.2}% 13
\BOOKMARK [3][-]{subsubsection.3.2.2}{\376\377\145\160\143\156\136\223\152\041\137\017\162\171\160\271}{subsection.3.2}% 14
\BOOKMARK [2][-]{subsection.3.3}{\376\377\133\211\121\150\140\047\116\016\133\214\131\007\140\047}{section.3}% 15
\BOOKMARK [3][-]{subsubsection.3.3.1}{\376\377\165\050\142\067\213\244\213\301\116\016\147\103\226\120\173\241\164\006}{subsection.3.3}% 16
\BOOKMARK [3][-]{subsubsection.3.3.2}{\376\377\145\160\143\156\133\214\145\164\140\047\176\246\147\137}{subsection.3.3}% 17
\BOOKMARK [3][-]{subsubsection.3.3.3}{\376\377\145\160\143\156\117\335\142\244\116\016\122\240\133\306}{subsection.3.3}% 18
\BOOKMARK [3][-]{subsubsection.3.3.4}{\376\377\145\345\137\327\213\260\137\125\116\016\133\241\213\241}{subsection.3.3}% 19
\BOOKMARK [3][-]{subsubsection.3.3.5}{\376\377\147\000\134\017\147\103\226\120\123\237\122\031}{subsection.3.3}% 20
\BOOKMARK [1][-]{section.4}{\376\377\214\003\213\325\116\016\217\320\210\114\176\323\147\234}{}% 21
\BOOKMARK [2][-]{subsection.4.1}{\376\377\225\356\230\230\116\016\214\003\213\325}{section.4}% 22
\BOOKMARK [2][-]{subsection.4.2}{\376\377\147\000\176\310\176\323\147\234\134\125\171\072}{section.4}% 23
\BOOKMARK [1][-]{section.5}{\376\377\140\073\176\323}{}% 24
